1570450150790	mozrunner::runner	INFO	Running command: "/Applications/Firefox.app/Contents/MacOS/firefox-bin" "-marionette" "-foreground" "-no-remote" "-profile" "/var/folders/3g/8z6j893578vg238yz6yl3y1h0000gn/T/rust_mozprofileQ3VsJh"
1570450152061	addons.webextension.screenshots@mozilla.org	WARN	Loading extension 'screenshots@mozilla.org': Reading manifest: Invalid extension permission: mozillaAddons
1570450152062	addons.webextension.screenshots@mozilla.org	WARN	Loading extension 'screenshots@mozilla.org': Reading manifest: Invalid extension permission: telemetry
1570450152062	addons.webextension.screenshots@mozilla.org	WARN	Loading extension 'screenshots@mozilla.org': Reading manifest: Invalid extension permission: resource://pdf.js/
1570450152062	addons.webextension.screenshots@mozilla.org	WARN	Loading extension 'screenshots@mozilla.org': Reading manifest: Invalid extension permission: about:reader*
1570450154782	Marionette	INFO	Listening on port 55587
1570450154801	Marionette	WARN	TLS certificate errors will be ignored for this session
JavaScript error: resource://gre/modules/XULStore.jsm, line 66: Error: Can't find profile directory.
1570451250499	mozrunner::runner	INFO	Running command: "/Applications/Firefox.app/Contents/MacOS/firefox-bin" "-marionette" "-foreground" "-no-remote" "-profile" "/var/folders/3g/8z6j893578vg238yz6yl3y1h0000gn/T/rust_mozprofiley2shTC"
1570451251432	addons.webextension.screenshots@mozilla.org	WARN	Loading extension 'screenshots@mozilla.org': Reading manifest: Invalid extension permission: mozillaAddons
1570451251432	addons.webextension.screenshots@mozilla.org	WARN	Loading extension 'screenshots@mozilla.org': Reading manifest: Invalid extension permission: telemetry
1570451251433	addons.webextension.screenshots@mozilla.org	WARN	Loading extension 'screenshots@mozilla.org': Reading manifest: Invalid extension permission: resource://pdf.js/
1570451251433	addons.webextension.screenshots@mozilla.org	WARN	Loading extension 'screenshots@mozilla.org': Reading manifest: Invalid extension permission: about:reader*
1570451253762	Marionette	INFO	Listening on port 55917
1570451253773	Marionette	WARN	TLS certificate errors will be ignored for this session
JavaScript error: resource://gre/modules/XULStore.jsm, line 66: Error: Can't find profile directory.
1570451302923	Marionette	INFO	Stopped listening on port 55917
1570451305515	Marionette	INFO	Stopped listening on port 55587
1570451926367	mozrunner::runner	INFO	Running command: "/Applications/Firefox.app/Contents/MacOS/firefox-bin" "-marionette" "-foreground" "-no-remote" "-profile" "/var/folders/3g/8z6j893578vg238yz6yl3y1h0000gn/T/rust_mozprofileeZOp54"
1570451927299	addons.webextension.screenshots@mozilla.org	WARN	Loading extension 'screenshots@mozilla.org': Reading manifest: Invalid extension permission: mozillaAddons
1570451927299	addons.webextension.screenshots@mozilla.org	WARN	Loading extension 'screenshots@mozilla.org': Reading manifest: Invalid extension permission: telemetry
1570451927299	addons.webextension.screenshots@mozilla.org	WARN	Loading extension 'screenshots@mozilla.org': Reading manifest: Invalid extension permission: resource://pdf.js/
1570451927299	addons.webextension.screenshots@mozilla.org	WARN	Loading extension 'screenshots@mozilla.org': Reading manifest: Invalid extension permission: about:reader*
1570451929762	Marionette	INFO	Listening on port 56062
1570451929832	Marionette	WARN	TLS certificate errors will be ignored for this session
JavaScript error: resource://gre/modules/XULStore.jsm, line 66: Error: Can't find profile directory.
1570451965360	Marionette	INFO	Stopped listening on port 56062
1570452137685	mozrunner::runner	INFO	Running command: "/Applications/Firefox.app/Contents/MacOS/firefox-bin" "-marionette" "-foreground" "-no-remote" "-profile" "/var/folders/3g/8z6j893578vg238yz6yl3y1h0000gn/T/rust_mozprofilerEx8MS"
1570452138590	addons.webextension.screenshots@mozilla.org	WARN	Loading extension 'screenshots@mozilla.org': Reading manifest: Invalid extension permission: mozillaAddons
1570452138591	addons.webextension.screenshots@mozilla.org	WARN	Loading extension 'screenshots@mozilla.org': Reading manifest: Invalid extension permission: telemetry
1570452138591	addons.webextension.screenshots@mozilla.org	WARN	Loading extension 'screenshots@mozilla.org': Reading manifest: Invalid extension permission: resource://pdf.js/
1570452138591	addons.webextension.screenshots@mozilla.org	WARN	Loading extension 'screenshots@mozilla.org': Reading manifest: Invalid extension permission: about:reader*
1570452140842	Marionette	INFO	Listening on port 56201
1570452140860	Marionette	WARN	TLS certificate errors will be ignored for this session
1570452206147	mozrunner::runner	INFO	Running command: "/Applications/Firefox.app/Contents/MacOS/firefox-bin" "-marionette" "-foreground" "-no-remote" "-profile" "/var/folders/3g/8z6j893578vg238yz6yl3y1h0000gn/T/rust_mozprofileuYGK2y"
1570452206962	addons.webextension.screenshots@mozilla.org	WARN	Loading extension 'screenshots@mozilla.org': Reading manifest: Invalid extension permission: mozillaAddons
1570452206963	addons.webextension.screenshots@mozilla.org	WARN	Loading extension 'screenshots@mozilla.org': Reading manifest: Invalid extension permission: telemetry
1570452206963	addons.webextension.screenshots@mozilla.org	WARN	Loading extension 'screenshots@mozilla.org': Reading manifest: Invalid extension permission: resource://pdf.js/
1570452206963	addons.webextension.screenshots@mozilla.org	WARN	Loading extension 'screenshots@mozilla.org': Reading manifest: Invalid extension permission: about:reader*
1570452210071	Marionette	INFO	Listening on port 56287
1570452210149	Marionette	WARN	TLS certificate errors will be ignored for this session
1570452233848	Marionette	INFO	Stopped listening on port 56287
1570452234440	Marionette	INFO	Stopped listening on port 56201
1570452254160	mozrunner::runner	INFO	Running command: "/Applications/Firefox.app/Contents/MacOS/firefox-bin" "-marionette" "-foreground" "-no-remote" "-profile" "/var/folders/3g/8z6j893578vg238yz6yl3y1h0000gn/T/rust_mozprofileDkatoy"
1570452255304	addons.webextension.screenshots@mozilla.org	WARN	Loading extension 'screenshots@mozilla.org': Reading manifest: Invalid extension permission: mozillaAddons
1570452255304	addons.webextension.screenshots@mozilla.org	WARN	Loading extension 'screenshots@mozilla.org': Reading manifest: Invalid extension permission: telemetry
1570452255305	addons.webextension.screenshots@mozilla.org	WARN	Loading extension 'screenshots@mozilla.org': Reading manifest: Invalid extension permission: resource://pdf.js/
1570452255305	addons.webextension.screenshots@mozilla.org	WARN	Loading extension 'screenshots@mozilla.org': Reading manifest: Invalid extension permission: about:reader*
1570452258342	Marionette	INFO	Listening on port 56380
1570452258426	Marionette	WARN	TLS certificate errors will be ignored for this session
1570452288305	mozrunner::runner	INFO	Running command: "/Applications/Firefox.app/Contents/MacOS/firefox-bin" "-marionette" "-foreground" "-no-remote" "-profile" "/var/folders/3g/8z6j893578vg238yz6yl3y1h0000gn/T/rust_mozprofile7y0Nqi"
1570452289594	addons.webextension.screenshots@mozilla.org	WARN	Loading extension 'screenshots@mozilla.org': Reading manifest: Invalid extension permission: mozillaAddons
1570452289594	addons.webextension.screenshots@mozilla.org	WARN	Loading extension 'screenshots@mozilla.org': Reading manifest: Invalid extension permission: telemetry
1570452289595	addons.webextension.screenshots@mozilla.org	WARN	Loading extension 'screenshots@mozilla.org': Reading manifest: Invalid extension permission: resource://pdf.js/
1570452289595	addons.webextension.screenshots@mozilla.org	WARN	Loading extension 'screenshots@mozilla.org': Reading manifest: Invalid extension permission: about:reader*
1570452293121	Marionette	INFO	Listening on port 56461
1570452293210	Marionette	WARN	TLS certificate errors will be ignored for this session
1570452319709	Marionette	INFO	Stopped listening on port 56461
1570452323816	Marionette	INFO	Stopped listening on port 56380
